Running MPIringshift with nProcessors ...
Testing message size: 2 bytes
Time for 10000 iterations with message size 2 bytes: 0.001932 seconds
Results appended to results.csv
Testing message size: 4 bytes
Time for 10000 iterations with message size 4 bytes: 0.001882 seconds
Results appended to results.csv
Testing message size: 8 bytes
Time for 10000 iterations with message size 8 bytes: 0.001909 seconds
Results appended to results.csv
Testing message size: 16 bytes
Time for 10000 iterations with message size 16 bytes: 0.001901 seconds
Results appended to results.csv
Testing message size: 32 bytes
Time for 10000 iterations with message size 32 bytes: 0.001915 seconds
Results appended to results.csv
Testing message size: 64 bytes
Time for 10000 iterations with message size 64 bytes: 0.002026 seconds
Results appended to results.csv
Testing message size: 128 bytes
Time for 10000 iterations with message size 128 bytes: 0.002186 seconds
Results appended to results.csv
Testing message size: 256 bytes
Time for 10000 iterations with message size 256 bytes: 0.002357 seconds
Results appended to results.csv
Testing message size: 512 bytes
Time for 10000 iterations with message size 512 bytes: 0.004829 seconds
Results appended to results.csv
Testing message size: 1024 bytes
Time for 10000 iterations with message size 1024 bytes: 0.012732 seconds
Results appended to results.csv
Testing message size: 2048 bytes
Time for 10000 iterations with message size 2048 bytes: 0.015960 seconds
Results appended to results.csv
Testing message size: 4096 bytes
Time for 10000 iterations with message size 4096 bytes: 0.036039 seconds
Results appended to results.csv

real	0m3.848s
user	0m0.245s
sys	0m0.155s
----------------------------------------
Running MPIringshift with nProcessors ...
Testing message size: 2 bytes
Time for 10000 iterations with message size 2 bytes: 0.008364 seconds
Results appended to results.csv
Testing message size: 4 bytes
Time for 10000 iterations with message size 4 bytes: 0.008218 seconds
Results appended to results.csv
Testing message size: 8 bytes
Time for 10000 iterations with message size 8 bytes: 0.008197 seconds
Results appended to results.csv
Testing message size: 16 bytes
Time for 10000 iterations with message size 16 bytes: 0.008375 seconds
Results appended to results.csv
Testing message size: 32 bytes
Time for 10000 iterations with message size 32 bytes: 0.008421 seconds
Results appended to results.csv
Testing message size: 64 bytes
Time for 10000 iterations with message size 64 bytes: 0.008550 seconds
Results appended to results.csv
Testing message size: 128 bytes
Time for 10000 iterations with message size 128 bytes: 0.008696 seconds
Results appended to results.csv
Testing message size: 256 bytes
Time for 10000 iterations with message size 256 bytes: 0.009096 seconds
Results appended to results.csv
Testing message size: 512 bytes
Time for 10000 iterations with message size 512 bytes: 0.010691 seconds
Results appended to results.csv
Testing message size: 1024 bytes
Time for 10000 iterations with message size 1024 bytes: 0.022637 seconds
Results appended to results.csv
Testing message size: 2048 bytes
Time for 10000 iterations with message size 2048 bytes: 0.028766 seconds
Results appended to results.csv
Testing message size: 4096 bytes
Time for 10000 iterations with message size 4096 bytes: 0.072326 seconds
Results appended to results.csv

real	0m16.123s
user	0m0.844s
sys	0m0.325s
----------------------------------------
Running MPIringshift with nProcessors ...
Testing message size: 2 bytes
Time for 10000 iterations with message size 2 bytes: 0.008032 seconds
Results appended to results.csv
Testing message size: 4 bytes
Time for 10000 iterations with message size 4 bytes: 0.007857 seconds
Results appended to results.csv
Testing message size: 8 bytes
Time for 10000 iterations with message size 8 bytes: 0.008202 seconds
Results appended to results.csv
Testing message size: 16 bytes
Time for 10000 iterations with message size 16 bytes: 0.008600 seconds
Results appended to results.csv
Testing message size: 32 bytes
Time for 10000 iterations with message size 32 bytes: 0.008476 seconds
Results appended to results.csv
Testing message size: 64 bytes
Time for 10000 iterations with message size 64 bytes: 0.009241 seconds
Results appended to results.csv
Testing message size: 128 bytes
Time for 10000 iterations with message size 128 bytes: 0.008596 seconds
Results appended to results.csv
Testing message size: 256 bytes
Time for 10000 iterations with message size 256 bytes: 0.008666 seconds
Results appended to results.csv
Testing message size: 512 bytes
Time for 10000 iterations with message size 512 bytes: 0.011546 seconds
Results appended to results.csv
Testing message size: 1024 bytes
Time for 10000 iterations with message size 1024 bytes: 0.023348 seconds
Results appended to results.csv
Testing message size: 2048 bytes
Time for 10000 iterations with message size 2048 bytes: 0.029702 seconds
Results appended to results.csv
Testing message size: 4096 bytes
Time for 10000 iterations with message size 4096 bytes: 0.075687 seconds
Results appended to results.csv

real	0m8.568s
user	0m1.728s
sys	0m0.626s
----------------------------------------
Running MPIringshift with nProcessors ...
Testing message size: 2 bytes
Time for 10000 iterations with message size 2 bytes: 0.008337 seconds
Results appended to results.csv
Testing message size: 4 bytes
Time for 10000 iterations with message size 4 bytes: 0.007866 seconds
Results appended to results.csv
Testing message size: 8 bytes
Time for 10000 iterations with message size 8 bytes: 0.007814 seconds
Results appended to results.csv
Testing message size: 16 bytes
Time for 10000 iterations with message size 16 bytes: 0.008954 seconds
Results appended to results.csv
Testing message size: 32 bytes
Time for 10000 iterations with message size 32 bytes: 0.008582 seconds
Results appended to results.csv
Testing message size: 64 bytes
Time for 10000 iterations with message size 64 bytes: 0.009588 seconds
Results appended to results.csv
Testing message size: 128 bytes
Time for 10000 iterations with message size 128 bytes: 0.009326 seconds
Results appended to results.csv
Testing message size: 256 bytes
Time for 10000 iterations with message size 256 bytes: 0.008889 seconds
Results appended to results.csv
Testing message size: 512 bytes
Time for 10000 iterations with message size 512 bytes: 0.011694 seconds
Results appended to results.csv
Testing message size: 1024 bytes
Time for 10000 iterations with message size 1024 bytes: 0.024077 seconds
Results appended to results.csv
Testing message size: 2048 bytes
Time for 10000 iterations with message size 2048 bytes: 0.032455 seconds
Results appended to results.csv
Testing message size: 4096 bytes
Time for 10000 iterations with message size 4096 bytes: 0.075447 seconds
Results appended to results.csv

real	0m9.928s
user	0m3.546s
sys	0m1.442s
----------------------------------------
Running MPIringshift with nProcessors ...
Testing message size: 2 bytes
Time for 10000 iterations with message size 2 bytes: 0.009343 seconds
Results appended to results.csv
Testing message size: 4 bytes
Time for 10000 iterations with message size 4 bytes: 0.008131 seconds
Results appended to results.csv
Testing message size: 8 bytes
Time for 10000 iterations with message size 8 bytes: 0.008110 seconds
Results appended to results.csv
Testing message size: 16 bytes
Time for 10000 iterations with message size 16 bytes: 0.009536 seconds
Results appended to results.csv
Testing message size: 32 bytes
Time for 10000 iterations with message size 32 bytes: 0.009404 seconds
Results appended to results.csv
Testing message size: 64 bytes
Time for 10000 iterations with message size 64 bytes: 0.009555 seconds
Results appended to results.csv
Testing message size: 128 bytes
Time for 10000 iterations with message size 128 bytes: 0.009779 seconds
Results appended to results.csv
Testing message size: 256 bytes
Time for 10000 iterations with message size 256 bytes: 0.009482 seconds
Results appended to results.csv
Testing message size: 512 bytes
Time for 10000 iterations with message size 512 bytes: 0.012698 seconds
Results appended to results.csv
Testing message size: 1024 bytes
Time for 10000 iterations with message size 1024 bytes: 0.026058 seconds
Results appended to results.csv
Testing message size: 2048 bytes
Time for 10000 iterations with message size 2048 bytes: 0.034027 seconds
Results appended to results.csv
Testing message size: 4096 bytes
Time for 10000 iterations with message size 4096 bytes: 0.078637 seconds
Results appended to results.csv

real	0m4.329s
user	0m7.441s
sys	0m3.418s
----------------------------------------
Running MPIringshift with nProcessors ...
Testing message size: 2 bytes
Time for 10000 iterations with message size 2 bytes: 0.010128 seconds
Results appended to results.csv
Testing message size: 4 bytes
Time for 10000 iterations with message size 4 bytes: 0.008039 seconds
Results appended to results.csv
Testing message size: 8 bytes
Time for 10000 iterations with message size 8 bytes: 0.008095 seconds
Results appended to results.csv
Testing message size: 16 bytes
Time for 10000 iterations with message size 16 bytes: 0.009490 seconds
Results appended to results.csv
Testing message size: 32 bytes
Time for 10000 iterations with message size 32 bytes: 0.009501 seconds
Results appended to results.csv
Testing message size: 64 bytes
Time for 10000 iterations with message size 64 bytes: 0.009568 seconds
Results appended to results.csv
Testing message size: 128 bytes
Time for 10000 iterations with message size 128 bytes: 0.009991 seconds
Results appended to results.csv
Testing message size: 256 bytes
Time for 10000 iterations with message size 256 bytes: 0.009682 seconds
Results appended to results.csv
Testing message size: 512 bytes
Time for 10000 iterations with message size 512 bytes: 0.013801 seconds
Results appended to results.csv
Testing message size: 1024 bytes
Time for 10000 iterations with message size 1024 bytes: 0.034768 seconds
Results appended to results.csv
Testing message size: 2048 bytes
Time for 10000 iterations with message size 2048 bytes: 0.048285 seconds
Results appended to results.csv
Testing message size: 4096 bytes
Time for 10000 iterations with message size 4096 bytes: 0.102918 seconds
Results appended to results.csv

real	0m11.395s
user	0m19.175s
sys	0m9.790s
----------------------------------------
Running MPIringshift with nProcessors ...
Testing message size: 2 bytes
Time for 10000 iterations with message size 2 bytes: 1.907713 seconds
Results appended to results.csv
Testing message size: 4 bytes
Time for 10000 iterations with message size 4 bytes: 0.266821 seconds
Results appended to results.csv
Testing message size: 8 bytes
Time for 10000 iterations with message size 8 bytes: 0.008859 seconds
Results appended to results.csv
Testing message size: 16 bytes
Time for 10000 iterations with message size 16 bytes: 0.011114 seconds
Results appended to results.csv
Testing message size: 32 bytes
Time for 10000 iterations with message size 32 bytes: 0.010822 seconds
Results appended to results.csv
Testing message size: 64 bytes
Time for 10000 iterations with message size 64 bytes: 0.011042 seconds
Results appended to results.csv
Testing message size: 128 bytes
Time for 10000 iterations with message size 128 bytes: 0.013119 seconds
Results appended to results.csv
Testing message size: 256 bytes
Time for 10000 iterations with message size 256 bytes: 0.024242 seconds
Results appended to results.csv
Testing message size: 512 bytes
Time for 10000 iterations with message size 512 bytes: 0.026165 seconds
Results appended to results.csv
Testing message size: 1024 bytes
Time for 10000 iterations with message size 1024 bytes: 0.056728 seconds
Results appended to results.csv
Testing message size: 2048 bytes
Time for 10000 iterations with message size 2048 bytes: 0.101972 seconds
Results appended to results.csv
Testing message size: 4096 bytes
Time for 10000 iterations with message size 4096 bytes: 0.523410 seconds
Results appended to results.csv

real	0m9.595s
user	6m39.001s
sys	1m10.777s
----------------------------------------
Running MPIringshift with nProcessors ...
Testing message size: 2 bytes
Time for 10000 iterations with message size 2 bytes: 1.131233 seconds
Results appended to results.csv
Testing message size: 4 bytes
Time for 10000 iterations with message size 4 bytes: 1.136988 seconds
Results appended to results.csv
Testing message size: 8 bytes
Time for 10000 iterations with message size 8 bytes: 0.039539 seconds
Results appended to results.csv
Testing message size: 16 bytes
Time for 10000 iterations with message size 16 bytes: 0.024889 seconds
Results appended to results.csv
Testing message size: 32 bytes
Time for 10000 iterations with message size 32 bytes: 0.031379 seconds
Results appended to results.csv
Testing message size: 64 bytes
Time for 10000 iterations with message size 64 bytes: 0.024263 seconds
Results appended to results.csv
Testing message size: 128 bytes
Time for 10000 iterations with message size 128 bytes: 0.026272 seconds
Results appended to results.csv
Testing message size: 256 bytes
Time for 10000 iterations with message size 256 bytes: 0.047291 seconds
Results appended to results.csv
Testing message size: 512 bytes
Time for 10000 iterations with message size 512 bytes: 0.055456 seconds
Results appended to results.csv
Testing message size: 1024 bytes
Time for 10000 iterations with message size 1024 bytes: 0.097189 seconds
Results appended to results.csv
Testing message size: 2048 bytes
Time for 10000 iterations with message size 2048 bytes: 0.111997 seconds
Results appended to results.csv
Testing message size: 4096 bytes
Time for 10000 iterations with message size 4096 bytes: 0.183318 seconds
Results appended to results.csv

real	0m8.596s
user	3m20.723s
sys	4m12.329s
----------------------------------------
JobId=32451522 JobName=HW
   UserId=liangqi1(948536) GroupId=cmse(2362) MCS_label=N/A
   Priority=85179 Nice=0 Account=general QOS=liangqi1
   JobState=RUNNING Reason=None Dependency=(null)
   Requeue=1 Restarts=0 BatchFlag=1 Reboot=0 ExitCode=0:0
   RunTime=00:01:18 TimeLimit=00:30:00 TimeMin=N/A
   SubmitTime=2024-03-12T13:22:49 EligibleTime=2024-03-12T13:22:49
   AccrueTime=2024-03-12T13:22:49
   StartTime=2024-03-12T13:23:00 EndTime=2024-03-12T13:53:00 Deadline=N/A
   SuspendTime=None SecsPreSuspend=0 LastSchedEval=2024-03-12T13:23:00 Scheduler=Main
   Partition=general-short AllocNode:Sid=dev-amd20:71843
   ReqNodeList=(null) ExcNodeList=(null)
   NodeList=amr-[013-014]
   BatchHost=amr-013
   NumNodes=2 NumCPUs=256 NumTasks=256 CPUs/Task=1 ReqB:S:C:T=0:0:*:*
   ReqTRES=cpu=256,mem=4G,node=2,billing=622
   AllocTRES=cpu=256,mem=4G,node=2,billing=622
   Socks/Node=* NtasksPerN:B:S:C=128:0:*:* CoreSpec=*
   MinCPUsNode=128 MinMemoryNode=2G MinTmpDiskNode=0
   Features=[intel14|intel16|intel18|(amr|acm)|nvf|nal|nif] DelayBoot=00:00:00
   OverSubscribe=OK Contiguous=0 Licenses=(null) Network=(null)
   Command=/mnt/ufs18/home-212/liangqi1/Documents/CMSE_822/project-3-mpi-p2p-team-9/job.sb
   WorkDir=/mnt/ufs18/home-212/liangqi1/Documents/CMSE_822/project-3-mpi-p2p-team-9
   Comment=stdout=/mnt/ufs18/home-212/liangqi1/Documents/CMSE_822/project-3-mpi-p2p-team-9/slurm-32451522.out 
   StdErr=/mnt/ufs18/home-212/liangqi1/Documents/CMSE_822/project-3-mpi-p2p-team-9/slurm-32451522.out
   StdIn=/dev/null
   StdOut=/mnt/ufs18/home-212/liangqi1/Documents/CMSE_822/project-3-mpi-p2p-team-9/slurm-32451522.out
   Power=
   

