Running NonBlockringshift with nProcessors ...
Testing message size: 2 bytes
Time for 10000 iterations with message size 2 bytes: 0.170990 seconds
Results appended to results.csv
Testing message size: 4 bytes
Time for 10000 iterations with message size 4 bytes: 0.165123 seconds
Results appended to results.csv
Testing message size: 8 bytes
Time for 10000 iterations with message size 8 bytes: 0.164229 seconds
Results appended to results.csv
Testing message size: 16 bytes
Time for 10000 iterations with message size 16 bytes: 0.168329 seconds
Results appended to results.csv
Testing message size: 32 bytes
Time for 10000 iterations with message size 32 bytes: 0.165122 seconds
Results appended to results.csv
Testing message size: 64 bytes
Time for 10000 iterations with message size 64 bytes: 0.153975 seconds
Results appended to results.csv
Testing message size: 128 bytes
Time for 10000 iterations with message size 128 bytes: 0.157779 seconds
Results appended to results.csv
Testing message size: 256 bytes
Time for 10000 iterations with message size 256 bytes: 0.171795 seconds
Results appended to results.csv
Testing message size: 512 bytes
Time for 10000 iterations with message size 512 bytes: 0.172980 seconds
Results appended to results.csv
Testing message size: 1024 bytes
Time for 10000 iterations with message size 1024 bytes: 0.168919 seconds
Results appended to results.csv
Testing message size: 2048 bytes
Time for 10000 iterations with message size 2048 bytes: 0.177425 seconds
Results appended to results.csv
Testing message size: 4096 bytes
Time for 10000 iterations with message size 4096 bytes: 0.252031 seconds
Results appended to results.csv

real	0m4.293s
user	0m0.878s
sys	0m1.438s
----------------------------------------
Running NonBlockringshift with nProcessors ...
Testing message size: 2 bytes
Time for 10000 iterations with message size 2 bytes: 0.172825 seconds
Results appended to results.csv
Testing message size: 4 bytes
Time for 10000 iterations with message size 4 bytes: 0.176385 seconds
Results appended to results.csv
Testing message size: 8 bytes
Time for 10000 iterations with message size 8 bytes: 0.174583 seconds
Results appended to results.csv
Testing message size: 16 bytes
Time for 10000 iterations with message size 16 bytes: 0.171859 seconds
Results appended to results.csv
Testing message size: 32 bytes
Time for 10000 iterations with message size 32 bytes: 0.178898 seconds
Results appended to results.csv
Testing message size: 64 bytes
Time for 10000 iterations with message size 64 bytes: 0.213970 seconds
Results appended to results.csv
Testing message size: 128 bytes
Time for 10000 iterations with message size 128 bytes: 0.187212 seconds
Results appended to results.csv
Testing message size: 256 bytes
Time for 10000 iterations with message size 256 bytes: 0.168655 seconds
Results appended to results.csv
Testing message size: 512 bytes
Time for 10000 iterations with message size 512 bytes: 0.171902 seconds
Results appended to results.csv
Testing message size: 1024 bytes
Time for 10000 iterations with message size 1024 bytes: 0.166357 seconds
Results appended to results.csv
Testing message size: 2048 bytes
Time for 10000 iterations with message size 2048 bytes: 0.176454 seconds
Results appended to results.csv
Testing message size: 4096 bytes
Time for 10000 iterations with message size 4096 bytes: 0.240074 seconds
Results appended to results.csv

real	0m2.966s
user	0m0.857s
sys	0m1.533s
----------------------------------------
Running NonBlockringshift with nProcessors ...
Testing message size: 2 bytes
Time for 10000 iterations with message size 2 bytes: 0.201528 seconds
Results appended to results.csv
Testing message size: 4 bytes
Time for 10000 iterations with message size 4 bytes: 0.212105 seconds
Results appended to results.csv
Testing message size: 8 bytes
Time for 10000 iterations with message size 8 bytes: 0.212431 seconds
Results appended to results.csv
Testing message size: 16 bytes
Time for 10000 iterations with message size 16 bytes: 0.214762 seconds
Results appended to results.csv
Testing message size: 32 bytes
Time for 10000 iterations with message size 32 bytes: 0.217533 seconds
Results appended to results.csv
Testing message size: 64 bytes
Time for 10000 iterations with message size 64 bytes: 0.206887 seconds
Results appended to results.csv
Testing message size: 128 bytes
Time for 10000 iterations with message size 128 bytes: 0.206323 seconds
Results appended to results.csv
Testing message size: 256 bytes
Time for 10000 iterations with message size 256 bytes: 0.175561 seconds
Results appended to results.csv
Testing message size: 512 bytes
Time for 10000 iterations with message size 512 bytes: 0.177483 seconds
Results appended to results.csv
Testing message size: 1024 bytes
Time for 10000 iterations with message size 1024 bytes: 0.176463 seconds
Results appended to results.csv
Testing message size: 2048 bytes
Time for 10000 iterations with message size 2048 bytes: 0.189553 seconds
Results appended to results.csv
Testing message size: 4096 bytes
Time for 10000 iterations with message size 4096 bytes: 0.259954 seconds
Results appended to results.csv

real	0m3.385s
user	0m0.964s
sys	0m1.688s
----------------------------------------
Running NonBlockringshift with nProcessors ...
Testing message size: 2 bytes
Time for 10000 iterations with message size 2 bytes: 0.210291 seconds
Results appended to results.csv
Testing message size: 4 bytes
Time for 10000 iterations with message size 4 bytes: 0.213701 seconds
Results appended to results.csv
Testing message size: 8 bytes
Time for 10000 iterations with message size 8 bytes: 0.211636 seconds
Results appended to results.csv
Testing message size: 16 bytes
Time for 10000 iterations with message size 16 bytes: 0.211950 seconds
Results appended to results.csv
Testing message size: 32 bytes
Time for 10000 iterations with message size 32 bytes: 0.209912 seconds
Results appended to results.csv
Testing message size: 64 bytes
Time for 10000 iterations with message size 64 bytes: 0.205553 seconds
Results appended to results.csv
Testing message size: 128 bytes
Time for 10000 iterations with message size 128 bytes: 0.212489 seconds
Results appended to results.csv
Testing message size: 256 bytes
Time for 10000 iterations with message size 256 bytes: 0.184753 seconds
Results appended to results.csv
Testing message size: 512 bytes
Time for 10000 iterations with message size 512 bytes: 0.183962 seconds
Results appended to results.csv
Testing message size: 1024 bytes
Time for 10000 iterations with message size 1024 bytes: 0.186579 seconds
Results appended to results.csv
Testing message size: 2048 bytes
Time for 10000 iterations with message size 2048 bytes: 0.195586 seconds
Results appended to results.csv
Testing message size: 4096 bytes
Time for 10000 iterations with message size 4096 bytes: 0.256297 seconds
Results appended to results.csv

real	0m3.302s
user	0m0.981s
sys	0m1.727s
----------------------------------------
Running NonBlockringshift with nProcessors ...
Testing message size: 2 bytes
Time for 10000 iterations with message size 2 bytes: 0.218605 seconds
Results appended to results.csv
Testing message size: 4 bytes
Time for 10000 iterations with message size 4 bytes: 0.223448 seconds
Results appended to results.csv
Testing message size: 8 bytes
Time for 10000 iterations with message size 8 bytes: 0.229871 seconds
Results appended to results.csv
Testing message size: 16 bytes
Time for 10000 iterations with message size 16 bytes: 0.227047 seconds
Results appended to results.csv
Testing message size: 32 bytes
Time for 10000 iterations with message size 32 bytes: 0.234241 seconds
Results appended to results.csv
Testing message size: 64 bytes
Time for 10000 iterations with message size 64 bytes: 0.258919 seconds
Results appended to results.csv
Testing message size: 128 bytes
Time for 10000 iterations with message size 128 bytes: 0.265443 seconds
Results appended to results.csv
Testing message size: 256 bytes
Time for 10000 iterations with message size 256 bytes: 0.241715 seconds
Results appended to results.csv
Testing message size: 512 bytes
Time for 10000 iterations with message size 512 bytes: 0.211213 seconds
Results appended to results.csv
Testing message size: 1024 bytes
Time for 10000 iterations with message size 1024 bytes: 0.196630 seconds
Results appended to results.csv
Testing message size: 2048 bytes
Time for 10000 iterations with message size 2048 bytes: 0.195299 seconds
Results appended to results.csv
Testing message size: 4096 bytes
Time for 10000 iterations with message size 4096 bytes: 0.258904 seconds
Results appended to results.csv

real	0m3.630s
user	0m0.994s
sys	0m1.946s
----------------------------------------
JobId=32184702 JobName=HW
   UserId=liangqi1(948536) GroupId=cmse(2362) MCS_label=N/A
   Priority=60897 Nice=0 Account=general QOS=liangqi1
   JobState=RUNNING Reason=None Dependency=(null)
   Requeue=1 Restarts=0 BatchFlag=1 Reboot=0 ExitCode=0:0
   RunTime=00:00:19 TimeLimit=00:30:00 TimeMin=N/A
   SubmitTime=2024-03-07T16:18:36 EligibleTime=2024-03-07T16:18:36
   AccrueTime=2024-03-07T16:18:36
   StartTime=2024-03-07T16:18:41 EndTime=2024-03-07T16:48:41 Deadline=N/A
   SuspendTime=None SecsPreSuspend=0 LastSchedEval=2024-03-07T16:18:41 Scheduler=Main
   Partition=general-short AllocNode:Sid=dev-amd20:62425
   ReqNodeList=(null) ExcNodeList=(null)
   NodeList=lac-[053-056,058-060,116-118,151-153,318-327,329-333,366-369]
   BatchHost=lac-053
   NumNodes=32 NumCPUs=32 NumTasks=32 CPUs/Task=1 ReqB:S:C:T=0:0:*:*
   ReqTRES=cpu=32,mem=64G,node=32,billing=9961
   AllocTRES=cpu=32,mem=64G,node=32,billing=9961
   Socks/Node=* NtasksPerN:B:S:C=1:0:*:* CoreSpec=*
   MinCPUsNode=1 MinMemoryNode=2G MinTmpDiskNode=0
   Features=[intel14|intel16|intel18|(amr|acm)|nvf|nal|nif] DelayBoot=00:00:00
   OverSubscribe=OK Contiguous=0 Licenses=(null) Network=(null)
   Command=/mnt/ufs18/home-212/liangqi1/Documents/CMSE_822/project-3-mpi-p2p-team-9/job.sb
   WorkDir=/mnt/ufs18/home-212/liangqi1/Documents/CMSE_822/project-3-mpi-p2p-team-9
   Comment=stdout=/mnt/ufs18/home-212/liangqi1/Documents/CMSE_822/project-3-mpi-p2p-team-9/slurm-32184702.out 
   StdErr=/mnt/ufs18/home-212/liangqi1/Documents/CMSE_822/project-3-mpi-p2p-team-9/slurm-32184702.out
   StdIn=/dev/null
   StdOut=/mnt/ufs18/home-212/liangqi1/Documents/CMSE_822/project-3-mpi-p2p-team-9/slurm-32184702.out
   Power=
   

